[40m[32minfo[39m[22m[49m: Microsoft.Hosting.Lifetime[0]
      Now listening on: http://localhost:5000
[40m[32minfo[39m[22m[49m: Microsoft.Hosting.Lifetime[0]
      Now listening on: https://localhost:5001
[40m[32minfo[39m[22m[49m: Microsoft.Hosting.Lifetime[0]
      Application started. Press Ctrl+C to shut down.
[40m[32minfo[39m[22m[49m: Microsoft.Hosting.Lifetime[0]
      Hosting environment: Development
[40m[32minfo[39m[22m[49m: Microsoft.Hosting.Lifetime[0]
      Content root path: /home/luciano_dandrea/contoso-pets/src/ContosoPets.Api
[40m[32minfo[39m[22m[49m: Microsoft.AspNetCore.Hosting.Diagnostics[1]
      Request starting HTTP/1.1 GET https://localhost:5001/Orders/2  
[40m[32minfo[39m[22m[49m: Microsoft.AspNetCore.Routing.EndpointMiddleware[0]
      Executing endpoint 'ContosoPets.Api.Controllers.OrdersController.GetById (ContosoPets.Api)'
[40m[32minfo[39m[22m[49m: Microsoft.AspNetCore.Mvc.Infrastructure.ControllerActionInvoker[3]
      Route matched with {action = "GetById", controller = "Orders"}. Executing controller action with signature System.Threading.Tasks.Task`1[Microsoft.AspNetCore.Mvc.ActionResult`1[ContosoPets.Domain.DataTransferObjects.CustomerOrder]] GetById(Int32) on controller ContosoPets.Api.Controllers.OrdersController (ContosoPets.Api).
[40m[32minfo[39m[22m[49m: Microsoft.AspNetCore.Mvc.Infrastructure.ControllerActionInvoker[1]
      Executing action method ContosoPets.Api.Controllers.OrdersController.GetById (ContosoPets.Api) - Validation state: Valid
[40m[1m[33mwarn[39m[22m[49m: Microsoft.EntityFrameworkCore.Model.Validation[10400]
      Sensitive data logging is enabled. Log entries and exception messages may include sensitive application data, this mode should only be enabled during development.
[40m[32minfo[39m[22m[49m: Microsoft.EntityFrameworkCore.Infrastructure[10403]
      Entity Framework Core 3.0.0 initialized 'ContosoPetsContext' using provider 'Microsoft.EntityFrameworkCore.SqlServer' with options: SensitiveDataLoggingEnabled 
[40m[32minfo[39m[22m[49m: Microsoft.EntityFrameworkCore.Database.Command[20100]
      Executing DbCommand [Parameters=[@__id_0='2'], CommandType='Text', CommandTimeout='30']
      -- GetOrderById
      
      -- GetById
      
      SELECT [t].[Id], [t].[LastName], [t].[FirstName], [t].[c], [t].[OrderFulfilled], [t].[OrderPlaced], [t].[Id0], [t0].[Quantity], [t0].[Name], [t0].[Id], [t0].[Id0]
      FROM (
          SELECT TOP(1) [o].[Id], [c].[LastName], [c].[FirstName], CASE
              WHEN [o].[OrderFulfilled] IS NOT NULL THEN CAST(1 AS bit)
              ELSE CAST(0 AS bit)
          END AS [c], [o].[OrderFulfilled], [o].[OrderPlaced], [c].[Id] AS [Id0]
          FROM [Orders] AS [o]
          INNER JOIN [Customers] AS [c] ON [o].[CustomerId] = [c].[Id]
          WHERE ([o].[Id] = @__id_0) AND @__id_0 IS NOT NULL
      ) AS [t]
      LEFT JOIN (
          SELECT [p].[Quantity], [p0].[Name], [p].[Id], [p0].[Id] AS [Id0], [p].[OrderId]
          FROM [ProductOrders] AS [p]
          INNER JOIN [Products] AS [p0] ON [p].[ProductId] = [p0].[Id]
      ) AS [t0] ON [t].[Id] = [t0].[OrderId]
      ORDER BY [t].[Id], [t].[Id0], [t0].[Id], [t0].[Id0]
[40m[32minfo[39m[22m[49m: Microsoft.AspNetCore.Mvc.Infrastructure.ControllerActionInvoker[2]
      Executed action method ContosoPets.Api.Controllers.OrdersController.GetById (ContosoPets.Api), returned result Microsoft.AspNetCore.Mvc.ObjectResult in 1822.5148000000002ms.
[40m[32minfo[39m[22m[49m: Microsoft.AspNetCore.Mvc.Infrastructure.ObjectResultExecutor[1]
      Executing ObjectResult, writing value of type 'ContosoPets.Domain.DataTransferObjects.CustomerOrder'.
[40m[32minfo[39m[22m[49m: Microsoft.AspNetCore.Mvc.Infrastructure.ControllerActionInvoker[2]
      Executed action ContosoPets.Api.Controllers.OrdersController.GetById (ContosoPets.Api) in 1967.1482ms
[40m[32minfo[39m[22m[49m: Microsoft.AspNetCore.Routing.EndpointMiddleware[1]
      Executed endpoint 'ContosoPets.Api.Controllers.OrdersController.GetById (ContosoPets.Api)'
[40m[32minfo[39m[22m[49m: Microsoft.AspNetCore.Hosting.Diagnostics[2]
      Request finished in 2076.4378ms 200 application/json; charset=utf-8
